  MainMenu.cpp
  SP_Etapa1.cpp
D:\InvasionCovid\SP_Etapa1.cpp(4,32): warning C4244: 'argumento': conversión de '_Rep' a 'unsigned int'; posible pérdida de datos
          with
          [
              _Rep=std::chrono::system_clock::rep
          ]
D:\InvasionCovid\SP_Etapa1.cpp(51,96): warning C4244: 'argumento': conversión de 'T' a 'float'; posible pérdida de datos
          with
          [
              T=unsigned int
          ]
D:\InvasionCovid\SP_Etapa1.cpp(51,59): warning C4244: 'argumento': conversión de 'T' a 'float'; posible pérdida de datos
          with
          [
              T=unsigned int
          ]
D:\InvasionCovid\SP_Etapa1.cpp(57,97): warning C4244: 'argumento': conversión de 'T' a 'float'; posible pérdida de datos
          with
          [
              T=unsigned int
          ]
D:\InvasionCovid\SP_Etapa1.cpp(57,60): warning C4244: 'argumento': conversión de 'T' a 'float'; posible pérdida de datos
          with
          [
              T=unsigned int
          ]
D:\InvasionCovid\SP_Etapa1.cpp(69,40): warning C4244: 'argumento': conversión de 'int' a 'float'; posible pérdida de datos
D:\InvasionCovid\SP_Etapa1.cpp(231,62): warning C4244: 'argumento': conversión de 'int' a 'float'; posible pérdida de datos
  Generando código...
  InvasionCovid.vcxproj -> D:\InvasionCovid\x64\Debug\InvasionCovid.exe
